\BOOKMARK [1][-]{section.1}{Introduction}{}% 1
\BOOKMARK [1][-]{section.2}{Matching\040Logic}{}% 2
\BOOKMARK [2][-]{subsection.2.1}{Syntax}{section.2}% 3
\BOOKMARK [2][-]{subsection.2.2}{Semantics\040and\040Basic\040Properties}{section.2}% 4
\BOOKMARK [2][-]{subsection.2.3}{Useful\040Symbols\040and\040Notations}{section.2}% 5
\BOOKMARK [2][-]{subsection.2.4}{Sound\040and\040Complete\040Deduction}{section.2}% 6
\BOOKMARK [1][-]{section.3}{Finite\040Mechanisms\040to\040Define\040Infinite\040Theories}{}% 7
\BOOKMARK [1][-]{section.4}{Important\040Case\040Studies}{}% 8
\BOOKMARK [2][-]{subsection.4.1}{Binders}{section.4}% 9
\BOOKMARK [2][-]{subsection.4.2}{Fixed\040Points}{section.4}% 10
\BOOKMARK [2][-]{subsection.4.3}{Contexts}{section.4}% 11
\BOOKMARK [3][-]{subsubsection.4.3.1}{Evaluation\040Strategies\040of\040Language\040Constructs}{subsection.4.3}% 12
\BOOKMARK [3][-]{subsubsection.4.3.2}{Nested\040Contexts}{subsection.4.3}% 13
\BOOKMARK [3][-]{subsubsection.4.3.3}{Multi-Hole\040Contexts\040and\040Configuration\040Abstraction}{subsection.4.3}% 14
\BOOKMARK [2][-]{subsection.4.4}{Rewriting\040and\040Reachability}{section.4}% 15
\BOOKMARK [1][-]{section.5}{Built-ins}{}% 16
\BOOKMARK [1][-]{section.6}{Towards\040a\040Formal\040Semantics\040of\040K:\040The\040Need\040For\040a\040Meta-Theory}{}% 17
\BOOKMARK [1][-]{section.7}{Meta-Theory\040of\040Matching\040Logic}{}% 18
\BOOKMARK [2][-]{subsection.7.1}{Warming-Up}{section.7}% 19
\BOOKMARK [3][-]{subsubsection.7.1.1}{Variable\040Names}{subsection.7.1}% 20
\BOOKMARK [3][-]{subsubsection.7.1.2}{Three\040Ways\040of\040Defining\040Predicate\040Symbols}{subsection.7.1}% 21
\BOOKMARK [3][-]{subsubsection.7.1.3}{Schemas\040Do\040Not\040Necessarily\040Make\040a\040Finite\040\(Meta-\)Theory\040Infinite}{subsection.7.1}% 22
\BOOKMARK [3][-]{subsubsection.7.1.4}{The\040Meta-Theory\040Is\040Extended\040By\040Need}{subsection.7.1}% 23
\BOOKMARK [3][-]{subsubsection.7.1.5}{A\040Roadmap\040of\040The\040Definition\040of\040The\040Meta-Theory}{subsection.7.1}% 24
\BOOKMARK [2][-]{subsection.7.2}{Characters\040and\040Strings}{section.7}% 25
\BOOKMARK [2][-]{subsection.7.3}{Matching\040Logic\040Sorts\040and\040Symbols}{section.7}% 26
\BOOKMARK [2][-]{subsection.7.4}{Finite\040Lists}{section.7}% 27
\BOOKMARK [3][-]{subsubsection.7.4.1}{Finite\040Lists\040of\040Sorts}{subsection.7.4}% 28
\BOOKMARK [3][-]{subsubsection.7.4.2}{Finite\040Lists\040of\040Characters,\040Symbols,\040Variables,\040and\040Patterns}{subsection.7.4}% 29
\BOOKMARK [2][-]{subsection.7.5}{Matching\040Logic\040Patterns}{section.7}% 30
\BOOKMARK [2][-]{subsection.7.6}{Matching\040Logic\040Theories}{section.7}% 31
\BOOKMARK [2][-]{subsection.7.7}{Matching\040Logic\040Proof\040System}{section.7}% 32
\BOOKMARK [2][-]{subsection.7.8}{A\040Summary\040of\040the\040Meta-Theory}{section.7}% 33
\BOOKMARK [3][-]{subsubsection.7.8.1}{Sorts\040in\040Meta-Theory}{subsection.7.8}% 34
\BOOKMARK [3][-]{subsubsection.7.8.2}{Symbols\040in\040Meta-Theory}{subsection.7.8}% 35
\BOOKMARK [1][-]{section.8}{Represent\040Theories\040in\040the\040Meta-Theory}{}% 36
\BOOKMARK [2][-]{subsection.8.1}{A\040Running\040Example}{section.8}% 37
\BOOKMARK [2][-]{subsection.8.2}{Naming\040Functions}{section.8}% 38
\BOOKMARK [2][-]{subsection.8.3}{Represent\040Sorts}{section.8}% 39
\BOOKMARK [2][-]{subsection.8.4}{Represent\040Symbols}{section.8}% 40
\BOOKMARK [2][-]{subsection.8.5}{Represent\040Matching\040Logic\040Patterns\040and\040Axioms}{section.8}% 41
\BOOKMARK [3][-]{subsubsection.8.5.1}{Meta-Representations\040of\040Patterns}{subsection.8.5}% 42
\BOOKMARK [3][-]{subsubsection.8.5.2}{Represent\040Axioms}{subsection.8.5}% 43
\BOOKMARK [2][-]{subsection.8.6}{Faithfulness}{section.8}% 44
\BOOKMARK [1][-]{section.9}{The\040Kore\040Language}{}% 45
\BOOKMARK [2][-]{subsection.9.1}{The\040Kore\040Language\040Syntax}{section.9}% 46
\BOOKMARK [3][-]{subsubsection.9.1.1}{Lexicon}{subsection.9.1}% 47
\BOOKMARK [3][-]{subsubsection.9.1.2}{Sorts}{subsection.9.1}% 48
\BOOKMARK [3][-]{subsubsection.9.1.3}{Heads}{subsection.9.1}% 49
\BOOKMARK [3][-]{subsubsection.9.1.4}{Patterns}{subsection.9.1}% 50
\BOOKMARK [3][-]{subsubsection.9.1.5}{Declarations\040and\040Definitions}{subsection.9.1}% 51
\BOOKMARK [3][-]{subsubsection.9.1.6}{Wellformedness}{subsection.9.1}% 52
\BOOKMARK [2][-]{subsection.9.2}{Kore\040Semantics}{section.9}% 53
\BOOKMARK [3][-]{subsubsection.9.2.1}{General\040Principle\040of\040Lifting}{subsection.9.2}% 54
\BOOKMARK [3][-]{subsubsection.9.2.2}{Lift\040Object\040Identifiers\040To\040String\040Literals}{subsection.9.2}% 55
\BOOKMARK [3][-]{subsubsection.9.2.3}{Lift\040Object\040&\040Reserved\040Identifiers\040To\040Meta\040Identifiers}{subsection.9.2}% 56
\BOOKMARK [3][-]{subsubsection.9.2.4}{Lift\040Object\040Sort\040Constructors\040To\040Meta\040Symbols}{subsection.9.2}% 57
\BOOKMARK [3][-]{subsubsection.9.2.5}{Lift\040Object\040Sorts\040To\040Meta-Patterns}{subsection.9.2}% 58
\BOOKMARK [3][-]{subsubsection.9.2.6}{Lift\040Object\040Sort\040Lists\040To\040Meta-Patterns}{subsection.9.2}% 59
\BOOKMARK [3][-]{subsubsection.9.2.7}{Lift\040Sort\040Declarations\040To\040Symbol\040&\040Axiom\040Declarations}{subsection.9.2}% 60
\BOOKMARK [3][-]{subsubsection.9.2.8}{Lift\040Object\040Symbol\040Constructors\040To\040Meta\040Symbols}{subsection.9.2}% 61
\BOOKMARK [3][-]{subsubsection.9.2.9}{Lift\040Object\040Symbol\040Declarations\040To\040Symbol\040&\040Axiom\040Declarations}{subsection.9.2}% 62
\BOOKMARK [3][-]{subsubsection.9.2.10}{Lift\040Connective\040Constructors\040To\040Meta\040Symbols}{subsection.9.2}% 63
\BOOKMARK [3][-]{subsubsection.9.2.11}{Lift\040Object\040Head\040Constructors\040To\040Meta\040Symbols}{subsection.9.2}% 64
\BOOKMARK [3][-]{subsubsection.9.2.12}{Lift\040Object\040Variables\040To\040Meta\040Patterns\040of\040Sort\040#Variable}{subsection.9.2}% 65
\BOOKMARK [3][-]{subsubsection.9.2.13}{Lift\040Patterns\040To\040Meta\040Patterns\040of\040Sort\040#Pattern}{subsection.9.2}% 66
\BOOKMARK [3][-]{subsubsection.9.2.14}{Lift\040Axiom\040Declarations\040To\040Axiom\040Declarations}{subsection.9.2}% 67
\BOOKMARK [2][-]{subsection.9.3}{Example\040A:\040Presburger\040Arithmetic}{section.9}% 68
\BOOKMARK [2][-]{subsection.9.4}{Example\040B:\040Parametric\040Lists}{section.9}% 69
\BOOKMARK [2][-]{subsection.9.5}{Example\040C:\040Lambda\040Calculus}{section.9}% 70
\BOOKMARK [2][-]{subsection.9.6}{Example\040D:\040Contexts}{section.9}% 71
\BOOKMARK [2][-]{subsection.9.7}{Get\040Things\040From\040Here}{section.9}% 72
\BOOKMARK [3][-]{subsubsection.9.7.1}{Formal\040BNF\040Grammar\040of\040Kore}{subsection.9.7}% 73
\BOOKMARK [1][-]{section.10}{Proof\040of\040Faithfulness\040Theorem}{}% 74
